<?xml version="1.0" encoding="UTF-8"?>
<testsuite xmlns:xsi="http://www.w3.org/2001/XMLSchema-instance" xsi:noNamespaceSchemaLocation="https://maven.apache.org/surefire/maven-surefire-plugin/xsd/surefire-test-report-3.0.xsd" version="3.0" name="runner.TestRunner" time="2.755" tests="1" errors="0" skipped="0" failures="0">
  <properties>
    <property name="java.specification.version" value="24"/>
    <property name="sun.cpu.isalist" value="amd64"/>
    <property name="sun.jnu.encoding" value="Cp1252"/>
    <property name="java.class.path" value="C:\Users\josse\Desktop\JAVA\hooks-tags-demo\target\test-classes;C:\Users\josse\Desktop\JAVA\hooks-tags-demo\target\classes;C:\Users\josse\.m2\repository\io\cucumber\cucumber-java\7.14.0\cucumber-java-7.14.0.jar;C:\Users\josse\.m2\repository\io\cucumber\cucumber-core\7.14.0\cucumber-core-7.14.0.jar;C:\Users\josse\.m2\repository\io\cucumber\cucumber-gherkin\7.14.0\cucumber-gherkin-7.14.0.jar;C:\Users\josse\.m2\repository\io\cucumber\cucumber-gherkin-messages\7.14.0\cucumber-gherkin-messages-7.14.0.jar;C:\Users\josse\.m2\repository\io\cucumber\gherkin\26.2.0\gherkin-26.2.0.jar;C:\Users\josse\.m2\repository\io\cucumber\messages\22.0.0\messages-22.0.0.jar;C:\Users\josse\.m2\repository\io\cucumber\tag-expressions\5.0.6\tag-expressions-5.0.6.jar;C:\Users\josse\.m2\repository\io\cucumber\cucumber-expressions\16.1.2\cucumber-expressions-16.1.2.jar;C:\Users\josse\.m2\repository\io\cucumber\datatable\7.14.0\datatable-7.14.0.jar;C:\Users\josse\.m2\repository\io\cucumber\cucumber-plugin\7.14.0\cucumber-plugin-7.14.0.jar;C:\Users\josse\.m2\repository\io\cucumber\docstring\7.14.0\docstring-7.14.0.jar;C:\Users\josse\.m2\repository\io\cucumber\html-formatter\20.4.0\html-formatter-20.4.0.jar;C:\Users\josse\.m2\repository\io\cucumber\junit-xml-formatter\0.2.0\junit-xml-formatter-0.2.0.jar;C:\Users\josse\.m2\repository\io\cucumber\ci-environment\9.2.0\ci-environment-9.2.0.jar;C:\Users\josse\.m2\repository\org\apiguardian\apiguardian-api\1.1.2\apiguardian-api-1.1.2.jar;C:\Users\josse\.m2\repository\io\cucumber\cucumber-junit\7.14.0\cucumber-junit-7.14.0.jar;C:\Users\josse\.m2\repository\junit\junit\4.13.2\junit-4.13.2.jar;C:\Users\josse\.m2\repository\org\hamcrest\hamcrest-core\1.3\hamcrest-core-1.3.jar;"/>
    <property name="java.vm.vendor" value="Oracle Corporation"/>
    <property name="sun.arch.data.model" value="64"/>
    <property name="user.variant" value=""/>
    <property name="java.vendor.url" value="https://java.oracle.com/"/>
    <property name="user.timezone" value="America/Punta_Arenas"/>
    <property name="os.name" value="Windows 11"/>
    <property name="java.vm.specification.version" value="24"/>
    <property name="sun.java.launcher" value="SUN_STANDARD"/>
    <property name="user.country" value="CL"/>
    <property name="sun.boot.library.path" value="C:\Program Files\Java\jdk-24\bin"/>
    <property name="sun.java.command" value="C:\Users\josse\AppData\Local\Temp\surefire12273968275144744422\surefirebooter-20250804212243050_3.jar C:\Users\josse\AppData\Local\Temp\surefire12273968275144744422 2025-08-04T21-22-29_253-jvmRun1 surefire-20250804212243050_1tmp surefire_0-20250804212243050_2tmp"/>
    <property name="jdk.debug" value="release"/>
    <property name="surefire.test.class.path" value="C:\Users\josse\Desktop\JAVA\hooks-tags-demo\target\test-classes;C:\Users\josse\Desktop\JAVA\hooks-tags-demo\target\classes;C:\Users\josse\.m2\repository\io\cucumber\cucumber-java\7.14.0\cucumber-java-7.14.0.jar;C:\Users\josse\.m2\repository\io\cucumber\cucumber-core\7.14.0\cucumber-core-7.14.0.jar;C:\Users\josse\.m2\repository\io\cucumber\cucumber-gherkin\7.14.0\cucumber-gherkin-7.14.0.jar;C:\Users\josse\.m2\repository\io\cucumber\cucumber-gherkin-messages\7.14.0\cucumber-gherkin-messages-7.14.0.jar;C:\Users\josse\.m2\repository\io\cucumber\gherkin\26.2.0\gherkin-26.2.0.jar;C:\Users\josse\.m2\repository\io\cucumber\messages\22.0.0\messages-22.0.0.jar;C:\Users\josse\.m2\repository\io\cucumber\tag-expressions\5.0.6\tag-expressions-5.0.6.jar;C:\Users\josse\.m2\repository\io\cucumber\cucumber-expressions\16.1.2\cucumber-expressions-16.1.2.jar;C:\Users\josse\.m2\repository\io\cucumber\datatable\7.14.0\datatable-7.14.0.jar;C:\Users\josse\.m2\repository\io\cucumber\cucumber-plugin\7.14.0\cucumber-plugin-7.14.0.jar;C:\Users\josse\.m2\repository\io\cucumber\docstring\7.14.0\docstring-7.14.0.jar;C:\Users\josse\.m2\repository\io\cucumber\html-formatter\20.4.0\html-formatter-20.4.0.jar;C:\Users\josse\.m2\repository\io\cucumber\junit-xml-formatter\0.2.0\junit-xml-formatter-0.2.0.jar;C:\Users\josse\.m2\repository\io\cucumber\ci-environment\9.2.0\ci-environment-9.2.0.jar;C:\Users\josse\.m2\repository\org\apiguardian\apiguardian-api\1.1.2\apiguardian-api-1.1.2.jar;C:\Users\josse\.m2\repository\io\cucumber\cucumber-junit\7.14.0\cucumber-junit-7.14.0.jar;C:\Users\josse\.m2\repository\junit\junit\4.13.2\junit-4.13.2.jar;C:\Users\josse\.m2\repository\org\hamcrest\hamcrest-core\1.3\hamcrest-core-1.3.jar;"/>
    <property name="sun.cpu.endian" value="little"/>
    <property name="user.home" value="C:\Users\josse"/>
    <property name="user.language" value="es"/>
    <property name="java.specification.vendor" value="Oracle Corporation"/>
    <property name="java.version.date" value="2025-04-15"/>
    <property name="java.home" value="C:\Program Files\Java\jdk-24"/>
    <property name="file.separator" value="\"/>
    <property name="basedir" value="C:\Users\josse\Desktop\JAVA\hooks-tags-demo"/>
    <property name="java.vm.compressedOopsMode" value="Zero based"/>
    <property name="line.separator" value="&#10;"/>
    <property name="java.vm.specification.vendor" value="Oracle Corporation"/>
    <property name="java.specification.name" value="Java Platform API Specification"/>
    <property name="surefire.real.class.path" value="C:\Users\josse\AppData\Local\Temp\surefire12273968275144744422\surefirebooter-20250804212243050_3.jar"/>
    <property name="user.script" value=""/>
    <property name="sun.management.compiler" value="HotSpot 64-Bit Tiered Compilers"/>
    <property name="java.runtime.version" value="24.0.1+9-30"/>
    <property name="user.name" value="josse"/>
    <property name="stdout.encoding" value="Cp1252"/>
    <property name="path.separator" value=";"/>
    <property name="os.version" value="10.0"/>
    <property name="java.runtime.name" value="Java(TM) SE Runtime Environment"/>
    <property name="file.encoding" value="UTF-8"/>
    <property name="java.vm.name" value="Java HotSpot(TM) 64-Bit Server VM"/>
    <property name="localRepository" value="C:\Users\josse\.m2\repository"/>
    <property name="java.vendor.url.bug" value="https://bugreport.java.com/bugreport/"/>
    <property name="java.io.tmpdir" value="C:\Users\josse\AppData\Local\Temp\"/>
    <property name="java.version" value="24.0.1"/>
    <property name="user.dir" value="C:\Users\josse\Desktop\JAVA\hooks-tags-demo"/>
    <property name="os.arch" value="amd64"/>
    <property name="java.vm.specification.name" value="Java Virtual Machine Specification"/>
    <property name="sun.os.patch.level" value=""/>
    <property name="native.encoding" value="Cp1252"/>
    <property name="java.library.path" value="C:\Program Files\Java\jdk-24\bin;C:\WINDOWS\Sun\Java\bin;C:\WINDOWS\system32;C:\WINDOWS;C:\Program Files\Java\jdk-24\bin;C:\Program Files\Java\apache-maven-3.9.10\bin;C:\WINDOWS\system32;C:\WINDOWS;C:\WINDOWS\System32\Wbem;C:\WINDOWS\System32\WindowsPowerShell\v1.0\;C:\WINDOWS\System32\OpenSSH\;C:\xampp\php;C:\ProgramData\ComposerSetup\bin;C:\Program Files\Git\cmd;C:\Program Files\WireGuard\;C:\Program Files\Graphviz\bin;C:\Program Files\nodejs\;C:\Program Files\MySQL\MySQL Shell 8.0\bin\;C:\Users\josse\AppData\Local\Microsoft\WindowsApps;C:\Users\josse\AppData\Local\Programs\Microsoft VS Code\bin;C:\Users\josse\AppData\Roaming\Composer\vendor\bin;C:\php;C:\Program Files\Java\jdk-24\bin;C:\Program Files\Java\apache-maven-3.9.10\bin;C:\Users\josse\AppData\Roaming\npm;C:\Users\josse\AppData\Local\Programs\Ollama;;."/>
    <property name="java.vm.info" value="mixed mode, sharing"/>
    <property name="stderr.encoding" value="Cp1252"/>
    <property name="java.vendor" value="Oracle Corporation"/>
    <property name="java.vm.version" value="24.0.1+9-30"/>
    <property name="sun.io.unicode.encoding" value="UnicodeLittle"/>
    <property name="java.class.version" value="68.0"/>
  </properties>
  <testcase name="Login exitoso" classname="Login de usuario" time="0.569">
    <system-out><![CDATA[
@SmokeTest
Scenario: Login exitoso                       &amp#27;[90m# src/test/resources/features/login.feature:4&amp#27;[0m
ðŸš€ Este hook SOLO se ejecuta en escenarios con @SmokeTest
ðŸŸ¢ El usuario abre la pÃ¡gina de login
  &amp#27;[32mGiven &amp#27;[0m&amp#27;[32mel usuario esta en la pagina de login&amp#27;[0m &amp#27;[90m# steps.LoginSteps.usuarioEnLogin()&amp#27;[0m
ðŸŸ¡ Usuario ingresa usuario y clave
  &amp#27;[32mWhen &amp#27;[0m&amp#27;[32mingresa credenciales validas&amp#27;[0m           &amp#27;[90m# steps.LoginSteps.ingresaCredenciales()&amp#27;[0m
âœ… Acceso exitoso al sistema
  &amp#27;[32mThen &amp#27;[0m&amp#27;[32mdeberia acceder al sistema&amp#27;[0m             &amp#27;[90m# steps.LoginSteps.accedeAlSistema()&amp#27;[0m
]]></system-out>
  </testcase>
</testsuite>